f:\project\poisonclient\poisonclient\debug\poisonclient.pch
f:\project\poisonclient\poisonclient\debug\vc140.pdb
f:\project\poisonclient\poisonclient\debug\vc140.idb
f:\project\poisonclient\poisonclient\debug\stdafx.obj
f:\project\poisonclient\poisonclient\debug\buffer.obj
f:\project\poisonclient\poisonclient\debug\classview.obj
f:\project\poisonclient\poisonclient\debug\cpuusage.obj
f:\project\poisonclient\poisonclient\debug\fileview.obj
f:\project\poisonclient\poisonclient\debug\inifile.obj
f:\project\poisonclient\poisonclient\debug\iocpserver.obj
f:\project\poisonclient\poisonclient\debug\mainfrm.obj
f:\project\poisonclient\poisonclient\debug\outputwnd.obj
f:\project\poisonclient\poisonclient\debug\poisonclient.obj
f:\project\poisonclient\poisonclient\debug\poisonclientdoc.obj
f:\project\poisonclient\poisonclient\debug\poisonclientview.obj
f:\project\poisonclient\poisonclient\debug\propertieswnd.obj
f:\project\poisonclient\poisonclient\debug\viewtree.obj
f:\project\poisonclient\debug\poisonclient.ilk
f:\project\poisonclient\debug\poisonclient.exe
f:\project\poisonclient\debug\poisonclient.pdb
f:\project\poisonclient\poisonclient\debug\poisonclient.res
f:\project\poisonclient\poisonclient\debug\poisonclient.tlog\cl.command.1.tlog
f:\project\poisonclient\poisonclient\debug\poisonclient.tlog\cl.read.1.tlog
f:\project\poisonclient\poisonclient\debug\poisonclient.tlog\cl.write.1.tlog
f:\project\poisonclient\poisonclient\debug\poisonclient.tlog\link.command.1.tlog
f:\project\poisonclient\poisonclient\debug\poisonclient.tlog\link.read.1.tlog
f:\project\poisonclient\poisonclient\debug\poisonclient.tlog\link.write.1.tlog
f:\project\poisonclient\poisonclient\debug\poisonclient.tlog\rc.command.1.tlog
f:\project\poisonclient\poisonclient\debug\poisonclient.tlog\rc.read.1.tlog
f:\project\poisonclient\poisonclient\debug\poisonclient.tlog\rc.write.1.tlog
